<?xml version="1.0" encoding="UTF-8"?>
<!-- Generated by org.testng.reporters.JUnitReportReporter -->
<testsuite hostname="Ashmans-MacBook-Air.local" failures="0" tests="1" name="tests.loginTest" time="4.181" errors="0" timestamp="2025-01-17T00:59:31 IST" skipped="0">
  <testcase classname="tests.loginTest" name="loginToApplication" time="4.181"/>
  <system-out/>
</testsuite> <!-- tests.loginTest -->
